[05-Oct-2019 16:10:47 UTC] PHP Parse error:  syntax error, unexpected end of file in /app/public/wp-content/themes/tf30/index.php on line 94
[05-Oct-2019 16:11:07 UTC] PHP Parse error:  syntax error, unexpected end of file in /app/public/wp-content/themes/tf30/index.php on line 94
[08-Oct-2019 11:59:34 UTC] PHP Parse error:  syntax error, unexpected '&' in /app/public/wp-content/themes/tf30/functions.php on line 48
[08-Oct-2019 12:01:11 UTC] PHP Parse error:  syntax error, unexpected '&' in /app/public/wp-content/themes/tf30/functions.php on line 48
[08-Oct-2019 12:01:36 UTC] PHP Parse error:  syntax error, unexpected '&' in /app/public/wp-content/themes/tf30/functions.php on line 48
[08-Oct-2019 12:03:32 UTC] PHP Parse error:  syntax error, unexpected '&', expecting end of file in /app/public/wp-content/themes/tf30/functions.php on line 49
[08-Oct-2019 12:03:36 UTC] PHP Parse error:  syntax error, unexpected '&' in /app/public/wp-content/themes/tf30/functions.php on line 48
[08-Oct-2019 12:03:36 UTC] PHP Parse error:  syntax error, unexpected '&' in /app/public/wp-content/themes/tf30/functions.php on line 48
[08-Oct-2019 12:03:42 UTC] PHP Parse error:  syntax error, unexpected end of file in /app/public/wp-content/themes/tf30/functions.php on line 85
[08-Oct-2019 12:04:23 UTC] PHP Parse error:  syntax error, unexpected '&' in /app/public/wp-content/themes/tf30/functions.php on line 48
[08-Oct-2019 12:05:37 UTC] PHP Parse error:  syntax error, unexpected '&' in /app/public/wp-content/themes/tf30/functions.php on line 48
[08-Oct-2019 12:06:07 UTC] PHP Parse error:  syntax error, unexpected '&' in /app/public/wp-content/themes/tf30/functions.php on line 50
[08-Oct-2019 12:07:43 UTC] PHP Parse error:  syntax error, unexpected '&' in /app/public/wp-content/themes/tf30/functions.php on line 47
[08-Oct-2019 12:09:45 UTC] PHP Parse error:  syntax error, unexpected '&' in /app/public/wp-content/themes/tf30/functions.php on line 47
[08-Oct-2019 12:10:30 UTC] PHP Parse error:  syntax error, unexpected end of file in /app/public/wp-content/themes/tf30/functions.php on line 87
[08-Oct-2019 12:11:54 UTC] PHP Parse error:  syntax error, unexpected '&' in /app/public/wp-content/themes/tf30/functions.php on line 51
[08-Oct-2019 12:12:46 UTC] PHP Parse error:  syntax error, unexpected '&' in /app/public/wp-content/themes/tf30/functions.php on line 48
[08-Oct-2019 12:14:08 UTC] PHP Parse error:  syntax error, unexpected end of file in /app/public/wp-content/themes/tf30/functions.php on line 86
[08-Oct-2019 12:15:51 UTC] PHP Parse error:  syntax error, unexpected end of file in /app/public/wp-content/themes/tf30/functions.php on line 86
[08-Oct-2019 12:17:52 UTC] PHP Parse error:  syntax error, unexpected end of file in /app/public/wp-content/themes/tf30/functions.php on line 86
[08-Oct-2019 12:20:27 UTC] PHP Parse error:  syntax error, unexpected '&' in /app/public/wp-content/themes/tf30/functions.php on line 48
[08-Oct-2019 12:20:33 UTC] PHP Parse error:  syntax error, unexpected end of file in /app/public/wp-content/themes/tf30/functions.php on line 100
[08-Oct-2019 12:21:27 UTC] PHP Parse error:  syntax error, unexpected '&', expecting end of file in /app/public/wp-content/themes/tf30/functions.php on line 49
[09-Oct-2019 09:23:51 UTC] PHP Parse error:  syntax error, unexpected ')', expecting ',' or ';' in /app/public/wp-content/themes/tf30/footer.php on line 54
[09-Oct-2019 09:23:56 UTC] PHP Parse error:  syntax error, unexpected ')', expecting ',' or ';' in /app/public/wp-content/themes/tf30/footer.php on line 54
[09-Oct-2019 12:00:56 UTC] PHP Parse error:  syntax error, unexpected 'endwhile' (T_ENDWHILE), expecting elseif (T_ELSEIF) or else (T_ELSE) or endif (T_ENDIF) in /app/public/wp-content/themes/tf30/single.php on line 138
[13-Oct-2019 14:49:17 UTC] PHP Fatal error:  Uncaught Error: Call to undefined function my_the_post_category() in /app/public/wp-content/themes/tf30/index.php:71
Stack trace:
#0 /app/public/wp-includes/template-loader.php(78): include()
#1 /app/public/wp-blog-header.php(19): require_once('/app/public/wp-...')
#2 /app/public/index.php(17): require('/app/public/wp-...')
#3 {main}
  thrown in /app/public/wp-content/themes/tf30/index.php on line 71
[13-Oct-2019 14:49:19 UTC] PHP Fatal error:  Uncaught Error: Call to undefined function my_the_post_category() in /app/public/wp-content/themes/tf30/index.php:71
Stack trace:
#0 /app/public/wp-includes/template-loader.php(78): include()
#1 /app/public/wp-blog-header.php(19): require_once('/app/public/wp-...')
#2 /app/public/index.php(17): require('/app/public/wp-...')
#3 {main}
  thrown in /app/public/wp-content/themes/tf30/index.php on line 71
[13-Oct-2019 14:49:23 UTC] PHP Fatal error:  Uncaught Error: Call to undefined function my_the_post_category() in /app/public/wp-content/themes/tf30/index.php:71
Stack trace:
#0 /app/public/wp-includes/template-loader.php(78): include()
#1 /app/public/wp-blog-header.php(19): require_once('/app/public/wp-...')
#2 /app/public/index.php(17): require('/app/public/wp-...')
#3 {main}
  thrown in /app/public/wp-content/themes/tf30/index.php on line 71
[13-Oct-2019 14:51:00 UTC] PHP Parse error:  syntax error, unexpected '<', expecting end of file in /app/public/wp-content/themes/tf30/functions.php on line 89
[13-Oct-2019 15:44:10 UTC] PHP Warning:  Invalid argument supplied for foreach() in /app/public/wp-content/themes/tf30/functions.php on line 137
[13-Oct-2019 15:44:10 UTC] PHP Stack trace:
[13-Oct-2019 15:44:10 UTC] PHP   1. {main}() /app/public/index.php:0
[13-Oct-2019 15:44:10 UTC] PHP   2. require() /app/public/index.php:17
[13-Oct-2019 15:44:10 UTC] PHP   3. require_once() /app/public/wp-blog-header.php:19
[13-Oct-2019 15:44:10 UTC] PHP   4. include() /app/public/wp-includes/template-loader.php:78
[13-Oct-2019 15:44:10 UTC] PHP   5. my_the_post_tags() /app/public/wp-content/themes/tf30/single.php:78
[13-Oct-2019 15:44:16 UTC] PHP Warning:  Invalid argument supplied for foreach() in /app/public/wp-content/themes/tf30/functions.php on line 137
[13-Oct-2019 15:44:16 UTC] PHP Stack trace:
[13-Oct-2019 15:44:16 UTC] PHP   1. {main}() /app/public/index.php:0
[13-Oct-2019 15:44:16 UTC] PHP   2. require() /app/public/index.php:17
[13-Oct-2019 15:44:16 UTC] PHP   3. require_once() /app/public/wp-blog-header.php:19
[13-Oct-2019 15:44:16 UTC] PHP   4. include() /app/public/wp-includes/template-loader.php:78
[13-Oct-2019 15:44:16 UTC] PHP   5. my_the_post_tags() /app/public/wp-content/themes/tf30/single.php:78
[13-Oct-2019 15:44:38 UTC] PHP Warning:  Invalid argument supplied for foreach() in /app/public/wp-content/themes/tf30/functions.php on line 137
[13-Oct-2019 15:44:38 UTC] PHP Stack trace:
[13-Oct-2019 15:44:38 UTC] PHP   1. {main}() /app/public/index.php:0
[13-Oct-2019 15:44:38 UTC] PHP   2. require() /app/public/index.php:17
[13-Oct-2019 15:44:38 UTC] PHP   3. require_once() /app/public/wp-blog-header.php:19
[13-Oct-2019 15:44:38 UTC] PHP   4. include() /app/public/wp-includes/template-loader.php:78
[13-Oct-2019 15:44:38 UTC] PHP   5. my_the_post_tags() /app/public/wp-content/themes/tf30/single.php:78
[13-Oct-2019 15:46:45 UTC] PHP Warning:  Invalid argument supplied for foreach() in /app/public/wp-content/themes/tf30/functions.php on line 137
[13-Oct-2019 15:46:45 UTC] PHP Stack trace:
[13-Oct-2019 15:46:45 UTC] PHP   1. {main}() /app/public/index.php:0
[13-Oct-2019 15:46:45 UTC] PHP   2. require() /app/public/index.php:17
[13-Oct-2019 15:46:45 UTC] PHP   3. require_once() /app/public/wp-blog-header.php:19
[13-Oct-2019 15:46:45 UTC] PHP   4. include() /app/public/wp-includes/template-loader.php:78
[13-Oct-2019 15:46:45 UTC] PHP   5. my_the_post_tags() /app/public/wp-content/themes/tf30/single.php:78
[13-Oct-2019 15:48:58 UTC] PHP Warning:  Invalid argument supplied for foreach() in /app/public/wp-content/themes/tf30/functions.php on line 137
[13-Oct-2019 15:48:58 UTC] PHP Stack trace:
[13-Oct-2019 15:48:58 UTC] PHP   1. {main}() /app/public/index.php:0
[13-Oct-2019 15:48:58 UTC] PHP   2. require() /app/public/index.php:17
[13-Oct-2019 15:48:58 UTC] PHP   3. require_once() /app/public/wp-blog-header.php:19
[13-Oct-2019 15:48:58 UTC] PHP   4. include() /app/public/wp-includes/template-loader.php:78
[13-Oct-2019 15:48:58 UTC] PHP   5. my_the_post_tags() /app/public/wp-content/themes/tf30/single.php:78
[13-Oct-2019 15:49:47 UTC] PHP Warning:  Invalid argument supplied for foreach() in /app/public/wp-content/themes/tf30/functions.php on line 137
[13-Oct-2019 15:49:47 UTC] PHP Stack trace:
[13-Oct-2019 15:49:47 UTC] PHP   1. {main}() /app/public/index.php:0
[13-Oct-2019 15:49:47 UTC] PHP   2. require() /app/public/index.php:17
[13-Oct-2019 15:49:47 UTC] PHP   3. require_once() /app/public/wp-blog-header.php:19
[13-Oct-2019 15:49:47 UTC] PHP   4. include() /app/public/wp-includes/template-loader.php:78
[13-Oct-2019 15:49:47 UTC] PHP   5. my_the_post_tags() /app/public/wp-content/themes/tf30/single.php:78
[13-Oct-2019 15:49:52 UTC] PHP Warning:  Invalid argument supplied for foreach() in /app/public/wp-content/themes/tf30/functions.php on line 137
[13-Oct-2019 15:49:52 UTC] PHP Stack trace:
[13-Oct-2019 15:49:52 UTC] PHP   1. {main}() /app/public/index.php:0
[13-Oct-2019 15:49:52 UTC] PHP   2. require() /app/public/index.php:17
[13-Oct-2019 15:49:52 UTC] PHP   3. require_once() /app/public/wp-blog-header.php:19
[13-Oct-2019 15:49:52 UTC] PHP   4. include() /app/public/wp-includes/template-loader.php:78
[13-Oct-2019 15:49:52 UTC] PHP   5. my_the_post_tags() /app/public/wp-content/themes/tf30/single.php:78
[13-Oct-2019 15:50:21 UTC] PHP Warning:  Invalid argument supplied for foreach() in /app/public/wp-content/themes/tf30/functions.php on line 137
[13-Oct-2019 15:50:21 UTC] PHP Stack trace:
[13-Oct-2019 15:50:21 UTC] PHP   1. {main}() /app/public/index.php:0
[13-Oct-2019 15:50:21 UTC] PHP   2. require() /app/public/index.php:17
[13-Oct-2019 15:50:21 UTC] PHP   3. require_once() /app/public/wp-blog-header.php:19
[13-Oct-2019 15:50:21 UTC] PHP   4. include() /app/public/wp-includes/template-loader.php:78
[13-Oct-2019 15:50:21 UTC] PHP   5. my_the_post_tags() /app/public/wp-content/themes/tf30/single.php:78
[13-Oct-2019 16:45:33 UTC] PHP Warning:  Invalid argument supplied for foreach() in /app/public/wp-content/themes/tf30/functions.php on line 137
[13-Oct-2019 16:45:33 UTC] PHP Stack trace:
[13-Oct-2019 16:45:33 UTC] PHP   1. {main}() /app/public/index.php:0
[13-Oct-2019 16:45:33 UTC] PHP   2. require() /app/public/index.php:17
[13-Oct-2019 16:45:33 UTC] PHP   3. require_once() /app/public/wp-blog-header.php:19
[13-Oct-2019 16:45:33 UTC] PHP   4. include() /app/public/wp-includes/template-loader.php:78
[13-Oct-2019 16:45:33 UTC] PHP   5. my_the_post_tags() /app/public/wp-content/themes/tf30/single.php:78
[13-Oct-2019 16:46:09 UTC] PHP Warning:  Invalid argument supplied for foreach() in /app/public/wp-content/themes/tf30/functions.php on line 137
[13-Oct-2019 16:46:09 UTC] PHP Stack trace:
[13-Oct-2019 16:46:09 UTC] PHP   1. {main}() /app/public/index.php:0
[13-Oct-2019 16:46:09 UTC] PHP   2. require() /app/public/index.php:17
[13-Oct-2019 16:46:09 UTC] PHP   3. require_once() /app/public/wp-blog-header.php:19
[13-Oct-2019 16:46:09 UTC] PHP   4. include() /app/public/wp-includes/template-loader.php:78
[13-Oct-2019 16:46:09 UTC] PHP   5. my_the_post_tags() /app/public/wp-content/themes/tf30/single.php:78
[13-Oct-2019 16:46:18 UTC] PHP Warning:  Invalid argument supplied for foreach() in /app/public/wp-content/themes/tf30/functions.php on line 137
[13-Oct-2019 16:46:18 UTC] PHP Stack trace:
[13-Oct-2019 16:46:18 UTC] PHP   1. {main}() /app/public/index.php:0
[13-Oct-2019 16:46:18 UTC] PHP   2. require() /app/public/index.php:17
[13-Oct-2019 16:46:18 UTC] PHP   3. require_once() /app/public/wp-blog-header.php:19
[13-Oct-2019 16:46:18 UTC] PHP   4. include() /app/public/wp-includes/template-loader.php:78
[13-Oct-2019 16:46:18 UTC] PHP   5. my_the_post_tags() /app/public/wp-content/themes/tf30/single.php:78
[13-Oct-2019 16:47:52 UTC] PHP Warning:  Invalid argument supplied for foreach() in /app/public/wp-content/themes/tf30/functions.php on line 137
[13-Oct-2019 16:47:52 UTC] PHP Stack trace:
[13-Oct-2019 16:47:52 UTC] PHP   1. {main}() /app/public/index.php:0
[13-Oct-2019 16:47:52 UTC] PHP   2. require() /app/public/index.php:17
[13-Oct-2019 16:47:52 UTC] PHP   3. require_once() /app/public/wp-blog-header.php:19
[13-Oct-2019 16:47:52 UTC] PHP   4. include() /app/public/wp-includes/template-loader.php:78
[13-Oct-2019 16:47:52 UTC] PHP   5. my_the_post_tags() /app/public/wp-content/themes/tf30/single.php:78
[13-Oct-2019 16:47:55 UTC] PHP Warning:  Invalid argument supplied for foreach() in /app/public/wp-content/themes/tf30/functions.php on line 137
[13-Oct-2019 16:47:55 UTC] PHP Stack trace:
[13-Oct-2019 16:47:55 UTC] PHP   1. {main}() /app/public/index.php:0
[13-Oct-2019 16:47:55 UTC] PHP   2. require() /app/public/index.php:17
[13-Oct-2019 16:47:55 UTC] PHP   3. require_once() /app/public/wp-blog-header.php:19
[13-Oct-2019 16:47:55 UTC] PHP   4. include() /app/public/wp-includes/template-loader.php:78
[13-Oct-2019 16:47:55 UTC] PHP   5. my_the_post_tags() /app/public/wp-content/themes/tf30/single.php:78
[13-Oct-2019 16:48:02 UTC] PHP Warning:  Invalid argument supplied for foreach() in /app/public/wp-content/themes/tf30/functions.php on line 137
[13-Oct-2019 16:48:02 UTC] PHP Stack trace:
[13-Oct-2019 16:48:02 UTC] PHP   1. {main}() /app/public/index.php:0
[13-Oct-2019 16:48:02 UTC] PHP   2. require() /app/public/index.php:17
[13-Oct-2019 16:48:02 UTC] PHP   3. require_once() /app/public/wp-blog-header.php:19
[13-Oct-2019 16:48:02 UTC] PHP   4. include() /app/public/wp-includes/template-loader.php:78
[13-Oct-2019 16:48:02 UTC] PHP   5. my_the_post_tags() /app/public/wp-content/themes/tf30/single.php:78
[14-Oct-2019 08:37:48 UTC] PHP Warning:  Invalid argument supplied for foreach() in /app/public/wp-content/themes/tf30/functions.php on line 137
[14-Oct-2019 08:37:48 UTC] PHP Stack trace:
[14-Oct-2019 08:37:48 UTC] PHP   1. {main}() /app/public/index.php:0
[14-Oct-2019 08:37:48 UTC] PHP   2. require() /app/public/index.php:17
[14-Oct-2019 08:37:48 UTC] PHP   3. require_once() /app/public/wp-blog-header.php:19
[14-Oct-2019 08:37:48 UTC] PHP   4. include() /app/public/wp-includes/template-loader.php:78
[14-Oct-2019 08:37:48 UTC] PHP   5. my_the_post_tags() /app/public/wp-content/themes/tf30/single.php:78
[14-Oct-2019 09:26:45 UTC] PHP Parse error:  syntax error, unexpected 'endif' (T_ENDIF), expecting end of file in /app/public/wp-content/themes/tf30/sidebar.php on line 2
[15-Oct-2019 04:47:35 UTC] PHP Parse error:  syntax error, unexpected end of file in /app/public/wp-content/themes/tf30/sidebar.php on line 74
[15-Oct-2019 04:47:38 UTC] PHP Parse error:  syntax error, unexpected end of file in /app/public/wp-content/themes/tf30/sidebar.php on line 74
[15-Oct-2019 04:48:51 UTC] PHP Parse error:  syntax error, unexpected end of file in /app/public/wp-content/themes/tf30/sidebar.php on line 85
[15-Oct-2019 04:50:18 UTC] PHP Parse error:  syntax error, unexpected end of file in /app/public/wp-content/themes/tf30/sidebar.php on line 86
[15-Oct-2019 04:52:00 UTC] PHP Parse error:  syntax error, unexpected end of file in /app/public/wp-content/themes/tf30/sidebar.php on line 86
[15-Oct-2019 04:52:01 UTC] PHP Parse error:  syntax error, unexpected end of file in /app/public/wp-content/themes/tf30/sidebar.php on line 86
[15-Oct-2019 04:52:36 UTC] PHP Parse error:  syntax error, unexpected end of file in /app/public/wp-content/themes/tf30/sidebar.php on line 87
[15-Oct-2019 04:52:52 UTC] PHP Parse error:  syntax error, unexpected end of file in /app/public/wp-content/themes/tf30/sidebar.php on line 84
[15-Oct-2019 04:53:14 UTC] PHP Parse error:  syntax error, unexpected end of file in /app/public/wp-content/themes/tf30/sidebar.php on line 84
[15-Oct-2019 08:04:32 UTC] PHP Fatal error:  Uncaught Error: Call to undefined function the_parmalink() in /app/public/wp-content/themes/tf30/sidebar.php:44
Stack trace:
#0 /app/public/wp-includes/template.php(722): require_once()
#1 /app/public/wp-includes/template.php(671): load_template('/app/public/wp-...', true)
#2 /app/public/wp-includes/general-template.php(111): locate_template(Array, true)
#3 /app/public/wp-content/themes/tf30/index.php(53): get_sidebar()
#4 /app/public/wp-includes/template-loader.php(78): include('/app/public/wp-...')
#5 /app/public/wp-blog-header.php(19): require_once('/app/public/wp-...')
#6 /app/public/index.php(17): require('/app/public/wp-...')
#7 {main}
  thrown in /app/public/wp-content/themes/tf30/sidebar.php on line 44
[16-Oct-2019 14:00:19 UTC] PHP Parse error:  syntax error, unexpected end of file in /app/public/wp-content/themes/tf30/sidebar.php on line 79
[18-Oct-2019 11:39:25 UTC] PHP Warning:  Invalid argument supplied for foreach() in /app/public/wp-content/themes/tf30/functions.php on line 137
[18-Oct-2019 11:39:25 UTC] PHP Stack trace:
[18-Oct-2019 11:39:25 UTC] PHP   1. {main}() /app/public/index.php:0
[18-Oct-2019 11:39:25 UTC] PHP   2. require() /app/public/index.php:17
[18-Oct-2019 11:39:25 UTC] PHP   3. require_once() /app/public/wp-blog-header.php:19
[18-Oct-2019 11:39:25 UTC] PHP   4. include() /app/public/wp-includes/template-loader.php:78
[18-Oct-2019 11:39:25 UTC] PHP   5. my_the_post_tags() /app/public/wp-content/themes/tf30/single.php:78
[18-Oct-2019 11:40:45 UTC] PHP Warning:  Invalid argument supplied for foreach() in /app/public/wp-content/themes/tf30/functions.php on line 137
[18-Oct-2019 11:40:45 UTC] PHP Stack trace:
[18-Oct-2019 11:40:45 UTC] PHP   1. {main}() /app/public/index.php:0
[18-Oct-2019 11:40:45 UTC] PHP   2. require() /app/public/index.php:17
[18-Oct-2019 11:40:45 UTC] PHP   3. require_once() /app/public/wp-blog-header.php:19
[18-Oct-2019 11:40:45 UTC] PHP   4. include() /app/public/wp-includes/template-loader.php:78
[18-Oct-2019 11:40:45 UTC] PHP   5. my_the_post_tags() /app/public/wp-content/themes/tf30/single.php:78
